  Application.cpp
C:\Users\PC\Desktop\c coding\GreyModel3D\src\Engine\Object.hpp(32,27): warning C4018: '<': signed/unsigned mismatch
C:\Users\PC\Desktop\c coding\GreyModel3D\src\Engine\Object.hpp(44,27): warning C4018: '<': signed/unsigned mismatch
C:\Users\PC\Desktop\c coding\GreyModel3D\src\Engine\Object.hpp(47,35): warning C4018: '<': signed/unsigned mismatch
C:\Users\PC\Desktop\c coding\GreyModel3D\src\Engine\Components\Mesh.hpp(58,21): warning C4018: '<': signed/unsigned mismatch
C:\Users\PC\Desktop\c coding\GreyModel3D\src\Engine\Components\Mesh.hpp(61,21): warning C4018: '<': signed/unsigned mismatch
C:\Users\PC\Desktop\c coding\GreyModel3D\src\Engine\Components\Mesh.hpp(82,21): warning C4018: '<': signed/unsigned mismatch
C:\Users\PC\Desktop\c coding\GreyModel3D\src\Engine\Components\Mesh.hpp(195,21): warning C4018: '<': signed/unsigned mismatch
C:\Users\PC\Desktop\c coding\GreyModel3D\src\Engine\Components\Mesh.hpp(202,21): warning C4018: '<': signed/unsigned mismatch
C:\Users\PC\Desktop\c coding\GreyModel3D\src\Engine\Components\Mesh.hpp(210,21): warning C4018: '<': signed/unsigned mismatch
C:\Users\PC\Desktop\c coding\GreyModel3D\Dependencies\OBJ_Loader\OBJ_Loader.hpp(659,25): warning C4018: '<': signed/unsigned mismatch
C:\Users\PC\Desktop\c coding\GreyModel3D\Dependencies\OBJ_Loader\OBJ_Loader.hpp(696,22): warning C4018: '<': signed/unsigned mismatch
C:\Users\PC\Desktop\c coding\GreyModel3D\Dependencies\OBJ_Loader\OBJ_Loader.hpp(702,23): warning C4018: '<': signed/unsigned mismatch
C:\Users\PC\Desktop\c coding\GreyModel3D\Dependencies\OBJ_Loader\OBJ_Loader.hpp(956,18): warning C4244: 'initializing': conversion from 'double' to 'float', possible loss of data
C:\Users\PC\Desktop\c coding\GreyModel3D\Dependencies\imgui\imguiSkins\1.h(61,39): warning C4244: 'argument': conversion from 'const int' to 'float', possible loss of data
C:\Users\PC\Desktop\c coding\GreyModel3D\Dependencies\imgui\imguiSkins\1.h(61,32): warning C4244: 'argument': conversion from 'const int' to 'float', possible loss of data
C:\Users\PC\Desktop\c coding\GreyModel3D\Application.cpp(463,134): warning C4834: discarding return value of function with 'nodiscard' attribute
C:\Users\PC\Desktop\c coding\GreyModel3D\Application.cpp(568,53): warning C4018: '<': signed/unsigned mismatch
C:\Users\PC\Desktop\c coding\GreyModel3D\Application.cpp(628,43): warning C4018: '<': signed/unsigned mismatch
C:\Users\PC\Desktop\c coding\GreyModel3D\Application.cpp(818,47): warning C4018: '<': signed/unsigned mismatch
C:\Users\PC\Desktop\c coding\GreyModel3D\Application.cpp(824,51): warning C4018: '<': signed/unsigned mismatch
C:\Users\PC\Desktop\c coding\GreyModel3D\Application.cpp(356,11): warning C4101: 'CheckboxContainer': unreferenced local variable
C:\Users\PC\Desktop\c coding\GreyModel3D\Application.cpp(473,36): warning C4101: 'resultY': unreferenced local variable
C:\Users\PC\Desktop\c coding\GreyModel3D\Application.cpp(473,45): warning C4101: 'resultZ': unreferenced local variable
C:\Users\PC\Desktop\c coding\GreyModel3D\Application.cpp(473,27): warning C4101: 'resultX': unreferenced local variable
C:\Users\PC\Desktop\c coding\GreyModel3D\Application.cpp(508,36): warning C4101: 'resultY': unreferenced local variable
C:\Users\PC\Desktop\c coding\GreyModel3D\Application.cpp(508,45): warning C4101: 'resultZ': unreferenced local variable
C:\Users\PC\Desktop\c coding\GreyModel3D\Application.cpp(508,27): warning C4101: 'resultX': unreferenced local variable
LINK : warning LNK4098: defaultlib 'LIBCMT' conflicts with use of other libs; use /NODEFAULTLIB:library
LINK : warning LNK4098: defaultlib 'MSVCRT' conflicts with use of other libs; use /NODEFAULTLIB:library
LINK : warning LNK4217: symbol '___glewActiveTexture' defined in 'glew32s.lib(glew.obj)' is imported by 'imgui_impl_opengl3.obj' in function '"void __cdecl ImGui_ImplOpenGL3_RenderDrawData(struct ImDrawData *)" (?ImGui_ImplOpenGL3_RenderDrawData@@YAXPAUImDrawData@@@Z)'
LINK : warning LNK4217: symbol '___glewBlendEquation' defined in 'glew32s.lib(glew.obj)' is imported by 'imgui_impl_opengl3.obj' in function '"void __cdecl ImGui_ImplOpenGL3_SetupRenderState(struct ImDrawData *,int,int,unsigned int)" (?ImGui_ImplOpenGL3_SetupRenderState@@YAXPAUImDrawData@@HHI@Z)'
LINK : warning LNK4217: symbol '___glewBlendFuncSeparate' defined in 'glew32s.lib(glew.obj)' is imported by 'imgui_impl_opengl3.obj' in function '"void __cdecl ImGui_ImplOpenGL3_RenderDrawData(struct ImDrawData *)" (?ImGui_ImplOpenGL3_RenderDrawData@@YAXPAUImDrawData@@@Z)'
LINK : warning LNK4217: symbol '___glewBindBuffer' defined in 'glew32s.lib(glew.obj)' is imported by 'imgui_impl_opengl3.obj' in function '"bool __cdecl ImGui_ImplOpenGL3_CreateDeviceObjects(void)" (?ImGui_ImplOpenGL3_CreateDeviceObjects@@YA_NXZ)'
LINK : warning LNK4217: symbol '___glewBufferData' defined in 'glew32s.lib(glew.obj)' is imported by 'imgui_impl_opengl3.obj' in function '"void __cdecl ImGui_ImplOpenGL3_RenderDrawData(struct ImDrawData *)" (?ImGui_ImplOpenGL3_RenderDrawData@@YAXPAUImDrawData@@@Z)'
LINK : warning LNK4217: symbol '___glewDeleteBuffers' defined in 'glew32s.lib(glew.obj)' is imported by 'imgui_impl_opengl3.obj' in function '"void __cdecl ImGui_ImplOpenGL3_DestroyDeviceObjects(void)" (?ImGui_ImplOpenGL3_DestroyDeviceObjects@@YAXXZ)'
LINK : warning LNK4217: symbol '___glewGenBuffers' defined in 'glew32s.lib(glew.obj)' is imported by 'imgui_impl_opengl3.obj' in function '"bool __cdecl ImGui_ImplOpenGL3_CreateDeviceObjects(void)" (?ImGui_ImplOpenGL3_CreateDeviceObjects@@YA_NXZ)'
LINK : warning LNK4217: symbol '___glewAttachShader' defined in 'glew32s.lib(glew.obj)' is imported by 'imgui_impl_opengl3.obj' in function '"bool __cdecl ImGui_ImplOpenGL3_CreateDeviceObjects(void)" (?ImGui_ImplOpenGL3_CreateDeviceObjects@@YA_NXZ)'
LINK : warning LNK4217: symbol '___glewBlendEquationSeparate' defined in 'glew32s.lib(glew.obj)' is imported by 'imgui_impl_opengl3.obj' in function '"void __cdecl ImGui_ImplOpenGL3_RenderDrawData(struct ImDrawData *)" (?ImGui_ImplOpenGL3_RenderDrawData@@YAXPAUImDrawData@@@Z)'
LINK : warning LNK4217: symbol '___glewCompileShader' defined in 'glew32s.lib(glew.obj)' is imported by 'imgui_impl_opengl3.obj' in function '"bool __cdecl ImGui_ImplOpenGL3_CreateDeviceObjects(void)" (?ImGui_ImplOpenGL3_CreateDeviceObjects@@YA_NXZ)'
LINK : warning LNK4217: symbol '___glewCreateProgram' defined in 'glew32s.lib(glew.obj)' is imported by 'imgui_impl_opengl3.obj' in function '"bool __cdecl ImGui_ImplOpenGL3_CreateDeviceObjects(void)" (?ImGui_ImplOpenGL3_CreateDeviceObjects@@YA_NXZ)'
LINK : warning LNK4217: symbol '___glewCreateShader' defined in 'glew32s.lib(glew.obj)' is imported by 'imgui_impl_opengl3.obj' in function '"bool __cdecl ImGui_ImplOpenGL3_CreateDeviceObjects(void)" (?ImGui_ImplOpenGL3_CreateDeviceObjects@@YA_NXZ)'
LINK : warning LNK4217: symbol '___glewDeleteProgram' defined in 'glew32s.lib(glew.obj)' is imported by 'imgui_impl_opengl3.obj' in function '"void __cdecl ImGui_ImplOpenGL3_DestroyDeviceObjects(void)" (?ImGui_ImplOpenGL3_DestroyDeviceObjects@@YAXXZ)'
LINK : warning LNK4217: symbol '___glewDeleteShader' defined in 'glew32s.lib(glew.obj)' is imported by 'imgui_impl_opengl3.obj' in function '"void __cdecl ImGui_ImplOpenGL3_DestroyDeviceObjects(void)" (?ImGui_ImplOpenGL3_DestroyDeviceObjects@@YAXXZ)'
LINK : warning LNK4217: symbol '___glewDetachShader' defined in 'glew32s.lib(glew.obj)' is imported by 'imgui_impl_opengl3.obj' in function '"void __cdecl ImGui_ImplOpenGL3_DestroyDeviceObjects(void)" (?ImGui_ImplOpenGL3_DestroyDeviceObjects@@YAXXZ)'
LINK : warning LNK4217: symbol '___glewEnableVertexAttribArray' defined in 'glew32s.lib(glew.obj)' is imported by 'imgui_impl_opengl3.obj' in function '"void __cdecl ImGui_ImplOpenGL3_SetupRenderState(struct ImDrawData *,int,int,unsigned int)" (?ImGui_ImplOpenGL3_SetupRenderState@@YAXPAUImDrawData@@HHI@Z)'
LINK : warning LNK4217: symbol '___glewGetAttribLocation' defined in 'glew32s.lib(glew.obj)' is imported by 'imgui_impl_opengl3.obj' in function '"bool __cdecl ImGui_ImplOpenGL3_CreateDeviceObjects(void)" (?ImGui_ImplOpenGL3_CreateDeviceObjects@@YA_NXZ)'
LINK : warning LNK4217: symbol '___glewGetProgramInfoLog' defined in 'glew32s.lib(glew.obj)' is imported by 'imgui_impl_opengl3.obj' in function '"bool __cdecl CheckProgram(unsigned int,char const *)" (?CheckProgram@@YA_NIPBD@Z)'
LINK : warning LNK4217: symbol '___glewGetProgramiv' defined in 'glew32s.lib(glew.obj)' is imported by 'imgui_impl_opengl3.obj' in function '"bool __cdecl CheckProgram(unsigned int,char const *)" (?CheckProgram@@YA_NIPBD@Z)'
LINK : warning LNK4217: symbol '___glewGetShaderInfoLog' defined in 'glew32s.lib(glew.obj)' is imported by 'imgui_impl_opengl3.obj' in function '"bool __cdecl CheckShader(unsigned int,char const *)" (?CheckShader@@YA_NIPBD@Z)'
LINK : warning LNK4217: symbol '___glewGetShaderiv' defined in 'glew32s.lib(glew.obj)' is imported by 'imgui_impl_opengl3.obj' in function '"bool __cdecl CheckShader(unsigned int,char const *)" (?CheckShader@@YA_NIPBD@Z)'
LINK : warning LNK4217: symbol '___glewGetUniformLocation' defined in 'glew32s.lib(glew.obj)' is imported by 'imgui_impl_opengl3.obj' in function '"bool __cdecl ImGui_ImplOpenGL3_CreateDeviceObjects(void)" (?ImGui_ImplOpenGL3_CreateDeviceObjects@@YA_NXZ)'
LINK : warning LNK4217: symbol '___glewLinkProgram' defined in 'glew32s.lib(glew.obj)' is imported by 'imgui_impl_opengl3.obj' in function '"bool __cdecl ImGui_ImplOpenGL3_CreateDeviceObjects(void)" (?ImGui_ImplOpenGL3_CreateDeviceObjects@@YA_NXZ)'
LINK : warning LNK4217: symbol '___glewShaderSource' defined in 'glew32s.lib(glew.obj)' is imported by 'imgui_impl_opengl3.obj' in function '"bool __cdecl ImGui_ImplOpenGL3_CreateDeviceObjects(void)" (?ImGui_ImplOpenGL3_CreateDeviceObjects@@YA_NXZ)'
LINK : warning LNK4217: symbol '___glewUniform1i' defined in 'glew32s.lib(glew.obj)' is imported by 'imgui_impl_opengl3.obj' in function '"void __cdecl ImGui_ImplOpenGL3_SetupRenderState(struct ImDrawData *,int,int,unsigned int)" (?ImGui_ImplOpenGL3_SetupRenderState@@YAXPAUImDrawData@@HHI@Z)'
LINK : warning LNK4217: symbol '___glewUniformMatrix4fv' defined in 'glew32s.lib(glew.obj)' is imported by 'imgui_impl_opengl3.obj' in function '"void __cdecl ImGui_ImplOpenGL3_SetupRenderState(struct ImDrawData *,int,int,unsigned int)" (?ImGui_ImplOpenGL3_SetupRenderState@@YAXPAUImDrawData@@HHI@Z)'
LINK : warning LNK4217: symbol '___glewUseProgram' defined in 'glew32s.lib(glew.obj)' is imported by 'imgui_impl_opengl3.obj' in function '"void __cdecl ImGui_ImplOpenGL3_RenderDrawData(struct ImDrawData *)" (?ImGui_ImplOpenGL3_RenderDrawData@@YAXPAUImDrawData@@@Z)'
LINK : warning LNK4217: symbol '___glewVertexAttribPointer' defined in 'glew32s.lib(glew.obj)' is imported by 'imgui_impl_opengl3.obj' in function '"void __cdecl ImGui_ImplOpenGL3_SetupRenderState(struct ImDrawData *,int,int,unsigned int)" (?ImGui_ImplOpenGL3_SetupRenderState@@YAXPAUImDrawData@@HHI@Z)'
LINK : warning LNK4217: symbol '___glewDrawElementsBaseVertex' defined in 'glew32s.lib(glew.obj)' is imported by 'imgui_impl_opengl3.obj' in function '"void __cdecl ImGui_ImplOpenGL3_RenderDrawData(struct ImDrawData *)" (?ImGui_ImplOpenGL3_RenderDrawData@@YAXPAUImDrawData@@@Z)'
LINK : warning LNK4217: symbol '___glewBindSampler' defined in 'glew32s.lib(glew.obj)' is imported by 'imgui_impl_opengl3.obj' in function '"void __cdecl ImGui_ImplOpenGL3_RenderDrawData(struct ImDrawData *)" (?ImGui_ImplOpenGL3_RenderDrawData@@YAXPAUImDrawData@@@Z)'
LINK : warning LNK4217: symbol '___glewBindVertexArray' defined in 'glew32s.lib(glew.obj)' is imported by 'imgui_impl_opengl3.obj' in function '"bool __cdecl ImGui_ImplOpenGL3_CreateDeviceObjects(void)" (?ImGui_ImplOpenGL3_CreateDeviceObjects@@YA_NXZ)'
LINK : warning LNK4217: symbol '___glewDeleteVertexArrays' defined in 'glew32s.lib(glew.obj)' is imported by 'imgui_impl_opengl3.obj' in function '"void __cdecl ImGui_ImplOpenGL3_RenderDrawData(struct ImDrawData *)" (?ImGui_ImplOpenGL3_RenderDrawData@@YAXPAUImDrawData@@@Z)'
LINK : warning LNK4217: symbol '___glewGenVertexArrays' defined in 'glew32s.lib(glew.obj)' is imported by 'imgui_impl_opengl3.obj' in function '"void __cdecl ImGui_ImplOpenGL3_RenderDrawData(struct ImDrawData *)" (?ImGui_ImplOpenGL3_RenderDrawData@@YAXPAUImDrawData@@@Z)'
glew32s.lib(glew.obj) : warning LNK4099: PDB 'vc120.pdb' was not found with 'glew32s.lib(glew.obj)' or at 'C:\Users\PC\Desktop\c coding\GreyModel3D\Debug\vc120.pdb'; linking object as if no debug info
  GreyModel3D.vcxproj -> C:\Users\PC\Desktop\c coding\GreyModel3D\Debug\GreyModel3D.exe
